<?xml version="1.0" encoding="UTF-8"?>
<!-- Generated by org.testng.reporters.JUnitReportReporter -->
<testsuite hostname="DELL" failures="0" tests="1" name="testCases.TC01_Loginpage" time="4.336" errors="0" timestamp="2025-10-06T20:58:04 IST" skipped="0">
  <testcase classname="testCases.TC01_Loginpage" name="verifylogin" time="4.336"/>
</testsuite> <!-- testCases.TC01_Loginpage -->
