<?xml version="1.0" encoding="UTF-8"?>
<!-- Generated by org.testng.reporters.JUnitReportReporter -->
<testsuite hostname="DELL" failures="0" tests="1" name="testCases.TC_Addadminusers" time="15.496" errors="0" timestamp="2025-10-06T20:58:04 IST" skipped="0">
  <testcase classname="testCases.TC_Addadminusers" name="verifyadminuser" time="15.496"/>
</testsuite> <!-- testCases.TC_Addadminusers -->
