<?xml version="1.0" encoding="UTF-8"?>
<!-- Generated by org.testng.reporters.JUnitReportReporter -->
<testsuite hostname="DELL" failures="0" tests="1" name="testCases.TC01_Loginpage" time="3.223" errors="0" timestamp="2025-10-02T14:05:30 IST" skipped="0">
  <testcase classname="testCases.TC01_Loginpage" name="verifylogin" time="3.223"/>
</testsuite> <!-- testCases.TC01_Loginpage -->
