<?xml version="1.0" encoding="UTF-8"?>
<!-- Generated by org.testng.reporters.JUnitReportReporter -->
<testsuite hostname="DELL" failures="0" tests="1" name="testCases.TC01_Loginpage" time="1.101" errors="0" timestamp="2025-10-24T13:27:25 IST" skipped="0">
  <testcase classname="testCases.TC01_Loginpage" name="verifylogin" time="1.101"/>
</testsuite> <!-- testCases.TC01_Loginpage -->
