<?xml version="1.0" encoding="UTF-8"?>
<!-- Generated by org.testng.reporters.JUnitReportReporter -->
<testsuite hostname="DELL" failures="0" tests="1" name="testCases.TC01_Loginpage" time="2.829" errors="0" timestamp="2025-09-30T18:17:44 IST" skipped="0">
  <testcase classname="testCases.TC01_Loginpage" name="verifylogin" time="2.829"/>
</testsuite> <!-- testCases.TC01_Loginpage -->
